<html>
<head>
<title>TestNG:  Test</title>
<link href="../testng.css" rel="stylesheet" type="text/css" />
<link href="../my-testng.css" rel="stylesheet" type="text/css" />

<style type="text/css">
.log { display: none;} 
.stack-trace { display: none;} 
</style>
<script type="text/javascript">
<!--
function flip(e) {
  current = e.style.display;
  if (current == 'block') {
    e.style.display = 'none';
    return 0;
  }
  else {
    e.style.display = 'block';
    return 1;
  }
}

function toggleBox(szDivId, elem, msg1, msg2)
{
  var res = -1;  if (document.getElementById) {
    res = flip(document.getElementById(szDivId));
  }
  else if (document.all) {
    // this is the way old msie versions work
    res = flip(document.all[szDivId]);
  }
  if(elem) {
    if(res == 0) elem.innerHTML = msg1; else elem.innerHTML = msg2;
  }

}

function toggleAllBoxes() {
  if (document.getElementsByTagName) {
    d = document.getElementsByTagName('div');
    for (i = 0; i < d.length; i++) {
      if (d[i].className == 'log') {
        flip(d[i]);
      }
    }
  }
}

// -->
</script>

</head>
<body>
<h2 align='center'>Test</h2><table border='1' align="center">
<tr>
<td>Tests passed/Failed/Skipped:</td><td>39/2/0</td>
</tr><tr>
<td>Started on:</td><td>Thu Nov 21 17:48:57 IST 2024</td>
</tr>
<tr><td>Total time:</td><td>195 seconds (195851 ms)</td>
</tr><tr>
<td>Included groups:</td><td></td>
</tr><tr>
<td>Excluded groups:</td><td></td>
</tr>
</table><p/>
<small><i>(Hover the method name to see the test class name)</i></small><p/>
<table width='100%' border='1' class='invocation-failed'>
<tr><td colspan='4' align='center'><b>FAILED TESTS</b></td></tr>
<tr><td><b>Test method</b></td>
<td width="30%"><b>Exception</b></td>
<td width="10%"><b>Time (seconds)</b></td>
<td><b>Instance</b></td>
</tr>
<tr>
<td title='tutorialNinjaPOM.tests.CartPageTests.tc08_ShippingMethodUnchecked()'><b>tc08_ShippingMethodUnchecked</b><br>Test class: tutorialNinjaPOM.tests.CartPageTests</td>
<td><div><pre>org.openqa.selenium.ElementClickInterceptedException: element click intercepted: Element &lt;a href=&quot;#collapse-shipping&quot; class=&quot;accordion-toggle collapsed&quot; data-toggle=&quot;collapse&quot; data-parent=&quot;#accordion&quot; aria-expanded=&quot;false&quot; style=&quot;&quot;&gt;...&lt;/a&gt; is not clickable at point (307, 625). Other element would receive the click: &lt;h2&gt;...&lt;/h2&gt;
  (Session info: MicrosoftEdge=131.0.2903.51)
Build info: version: &apos;4.24.0&apos;, revision: &apos;748ffc9bc3&apos;
System info: os.name: &apos;Windows 11&apos;, os.arch: &apos;amd64&apos;, os.version: &apos;10.0&apos;, java.version: &apos;22.0.2&apos;
Driver info: org.openqa.selenium.edge.EdgeDriver
Command: [21afea6b6244902c5483c26051ccef54, clickElement {id=f.DD4729864CF2C65F8FB8F44FB1904019.d.3E8494758083EE577E8F002A57F07996.e.11829}]
Capabilities {acceptInsecureCerts: false, browserName: MicrosoftEdge, browserVersion: 131.0.2903.51, fedcm:accounts: true, ms:edgeOptions: {debuggerAddress: localhost:57398}, msedge: {msedgedriverVersion: 131.0.2903.51 (e8c8535333b9..., userDataDir: C:\Users\YUVALK~1\AppData\L...}, networkConnectionEnabled: false, pageLoadStrategy: normal, platformName: windows, proxy: Proxy(), se:cdp: ws://localhost:57398/devtoo..., se:cdpVersion: 131.0.2903.51, setWindowRect: true, strictFileInteractability: false, timeouts: {implicit: 0, pageLoad: 300000, script: 30000}, unhandledPromptBehavior: dismiss and notify, webauthn:extension:credBlob: true, webauthn:extension:largeBlob: true, webauthn:extension:minPinLength: true, webauthn:extension:prf: true, webauthn:virtualAuthenticators: true}
Element: [[[[EdgeDriver: MicrosoftEdge on windows (21afea6b6244902c5483c26051ccef54)] -&gt; css selector: #accordion]] -&gt; css selector: h4.panel-title&gt;a]
Session ID: 21afea6b6244902c5483c26051ccef54
	at org.openqa.selenium.remote.ErrorCodec.decode(ErrorCodec.java:167)
	at org.openqa.selenium.remote.codec.w3c.W3CHttpResponseCodec.decode(W3CHttpResponseCodec.java:138)
	at org.openqa.selenium.remote.codec.w3c.W3CHttpResponseCodec.decode(W3CHttpResponseCodec.java:50)
	at org.openqa.selenium.remote.HttpCommandExecutor.execute(HttpCommandExecutor.java:190)
	at org.openqa.selenium.remote.service.DriverCommandExecutor.invokeExecute(DriverCommandExecutor.java:216)
	at org.openqa.selenium.remote.service.DriverCommandExecutor.execute(DriverCommandExecutor.java:174)
	at org.openqa.selenium.remote.RemoteWebDriver.execute(RemoteWebDriver.java:545)
	at org.openqa.selenium.remote.RemoteWebElement.execute(RemoteWebElement.java:223)
	at org.openqa.selenium.remote.RemoteWebElement.click(RemoteWebElement.java:76)
	at tutorialNinjaPOM.pages.BasePage.click(BasePage.java:75)
	at tutorialNinjaPOM.pages.BasePage.click(BasePage.java:69)
	at tutorialNinjaPOM.pages.CartPage.pressCollapseHeadings(CartPage.java:193)
	at tutorialNinjaPOM.pages.CartPage.pressCollapseShipping(CartPage.java:187)
	at tutorialNinjaPOM.pages.CartPage.fillShippingValues(CartPage.java:221)
	at tutorialNinjaPOM.pages.CartPage.fillShippingValues(CartPage.java:218)
	at tutorialNinjaPOM.tests.CartPageTests.tc08_ShippingMethodUnchecked(CartPageTests.java:76)
	at java.base/java.util.ArrayList.forEach(ArrayList.java:1597)
... Removed 28 stack frames</pre></div><a href='#' onClick='toggleBox("stack-trace972079939", this, "Click to show all stack frames", "Click to hide stack frames")'>Click to show all stack frames</a>
<div class='stack-trace' id='stack-trace972079939'><pre>org.openqa.selenium.ElementClickInterceptedException: element click intercepted: Element &lt;a href=&quot;#collapse-shipping&quot; class=&quot;accordion-toggle collapsed&quot; data-toggle=&quot;collapse&quot; data-parent=&quot;#accordion&quot; aria-expanded=&quot;false&quot; style=&quot;&quot;&gt;...&lt;/a&gt; is not clickable at point (307, 625). Other element would receive the click: &lt;h2&gt;...&lt;/h2&gt;
  (Session info: MicrosoftEdge=131.0.2903.51)
Build info: version: &apos;4.24.0&apos;, revision: &apos;748ffc9bc3&apos;
System info: os.name: &apos;Windows 11&apos;, os.arch: &apos;amd64&apos;, os.version: &apos;10.0&apos;, java.version: &apos;22.0.2&apos;
Driver info: org.openqa.selenium.edge.EdgeDriver
Command: [21afea6b6244902c5483c26051ccef54, clickElement {id=f.DD4729864CF2C65F8FB8F44FB1904019.d.3E8494758083EE577E8F002A57F07996.e.11829}]
Capabilities {acceptInsecureCerts: false, browserName: MicrosoftEdge, browserVersion: 131.0.2903.51, fedcm:accounts: true, ms:edgeOptions: {debuggerAddress: localhost:57398}, msedge: {msedgedriverVersion: 131.0.2903.51 (e8c8535333b9..., userDataDir: C:\Users\YUVALK~1\AppData\L...}, networkConnectionEnabled: false, pageLoadStrategy: normal, platformName: windows, proxy: Proxy(), se:cdp: ws://localhost:57398/devtoo..., se:cdpVersion: 131.0.2903.51, setWindowRect: true, strictFileInteractability: false, timeouts: {implicit: 0, pageLoad: 300000, script: 30000}, unhandledPromptBehavior: dismiss and notify, webauthn:extension:credBlob: true, webauthn:extension:largeBlob: true, webauthn:extension:minPinLength: true, webauthn:extension:prf: true, webauthn:virtualAuthenticators: true}
Element: [[[[EdgeDriver: MicrosoftEdge on windows (21afea6b6244902c5483c26051ccef54)] -&gt; css selector: #accordion]] -&gt; css selector: h4.panel-title&gt;a]
Session ID: 21afea6b6244902c5483c26051ccef54
	at java.base/jdk.internal.reflect.DirectConstructorHandleAccessor.newInstance(DirectConstructorHandleAccessor.java:62)
	at java.base/java.lang.reflect.Constructor.newInstanceWithCaller(Constructor.java:502)
	at java.base/java.lang.reflect.Constructor.newInstance(Constructor.java:486)
	at org.openqa.selenium.remote.ErrorCodec.decode(ErrorCodec.java:167)
	at org.openqa.selenium.remote.codec.w3c.W3CHttpResponseCodec.decode(W3CHttpResponseCodec.java:138)
	at org.openqa.selenium.remote.codec.w3c.W3CHttpResponseCodec.decode(W3CHttpResponseCodec.java:50)
	at org.openqa.selenium.remote.HttpCommandExecutor.execute(HttpCommandExecutor.java:190)
	at org.openqa.selenium.remote.service.DriverCommandExecutor.invokeExecute(DriverCommandExecutor.java:216)
	at org.openqa.selenium.remote.service.DriverCommandExecutor.execute(DriverCommandExecutor.java:174)
	at org.openqa.selenium.remote.RemoteWebDriver.execute(RemoteWebDriver.java:545)
	at org.openqa.selenium.remote.RemoteWebElement.execute(RemoteWebElement.java:223)
	at org.openqa.selenium.remote.RemoteWebElement.click(RemoteWebElement.java:76)
	at tutorialNinjaPOM.pages.BasePage.click(BasePage.java:75)
	at tutorialNinjaPOM.pages.BasePage.click(BasePage.java:69)
	at tutorialNinjaPOM.pages.CartPage.pressCollapseHeadings(CartPage.java:193)
	at tutorialNinjaPOM.pages.CartPage.pressCollapseShipping(CartPage.java:187)
	at tutorialNinjaPOM.pages.CartPage.fillShippingValues(CartPage.java:221)
	at tutorialNinjaPOM.pages.CartPage.fillShippingValues(CartPage.java:218)
	at tutorialNinjaPOM.tests.CartPageTests.tc08_ShippingMethodUnchecked(CartPageTests.java:76)
	at java.base/jdk.internal.reflect.DirectMethodHandleAccessor.invoke(DirectMethodHandleAccessor.java:103)
	at java.base/java.lang.reflect.Method.invoke(Method.java:580)
	at org.testng.internal.MethodInvocationHelper.invokeMethod(MethodInvocationHelper.java:132)
	at org.testng.internal.TestInvoker.invokeMethod(TestInvoker.java:599)
	at org.testng.internal.TestInvoker.invokeTestMethod(TestInvoker.java:174)
	at org.testng.internal.MethodRunner.runInSequence(MethodRunner.java:46)
	at org.testng.internal.TestInvoker$MethodInvocationAgent.invoke(TestInvoker.java:822)
	at org.testng.internal.TestInvoker.invokeTestMethods(TestInvoker.java:147)
	at org.testng.internal.TestMethodWorker.invokeTestMethods(TestMethodWorker.java:146)
	at org.testng.internal.TestMethodWorker.run(TestMethodWorker.java:128)
	at java.base/java.util.ArrayList.forEach(ArrayList.java:1597)
	at org.testng.TestRunner.privateRun(TestRunner.java:764)
	at org.testng.TestRunner.run(TestRunner.java:585)
	at org.testng.SuiteRunner.runTest(SuiteRunner.java:384)
	at org.testng.SuiteRunner.runSequentially(SuiteRunner.java:378)
	at org.testng.SuiteRunner.privateRun(SuiteRunner.java:337)
	at org.testng.SuiteRunner.run(SuiteRunner.java:286)
	at org.testng.SuiteRunnerWorker.runSuite(SuiteRunnerWorker.java:53)
	at org.testng.SuiteRunnerWorker.run(SuiteRunnerWorker.java:96)
	at org.testng.TestNG.runSuitesSequentially(TestNG.java:1218)
	at org.testng.TestNG.runSuitesLocally(TestNG.java:1140)
	at org.testng.TestNG.runSuites(TestNG.java:1069)
	at org.testng.TestNG.run(TestNG.java:1037)
	at org.testng.remote.AbstractRemoteTestNG.run(AbstractRemoteTestNG.java:115)
	at org.testng.remote.RemoteTestNG.initAndRun(RemoteTestNG.java:251)
	at org.testng.remote.RemoteTestNG.main(RemoteTestNG.java:77)
</pre></div></td>
<td>1</td>
<td>tutorialNinjaPOM.tests.CartPageTests@6cd28fa7</td></tr>
<tr>
<td title='tutorialNinjaPOM.tests.CartPageTests.tc09_ShippingCheck()'><b>tc09_ShippingCheck</b><br>Test class: tutorialNinjaPOM.tests.CartPageTests</td>
<td><div><pre>org.openqa.selenium.JavascriptException: javascript error: {&quot;status&quot;:11,&quot;value&quot;:&quot;Element is not currently visible and may not be manipulated&quot;}
  (Session info: MicrosoftEdge=131.0.2903.51)
Build info: version: &apos;4.24.0&apos;, revision: &apos;748ffc9bc3&apos;
System info: os.name: &apos;Windows 11&apos;, os.arch: &apos;amd64&apos;, os.version: &apos;10.0&apos;, java.version: &apos;22.0.2&apos;
Driver info: org.openqa.selenium.edge.EdgeDriver
Command: [21afea6b6244902c5483c26051ccef54, clickElement {id=f.DD4729864CF2C65F8FB8F44FB1904019.d.3E8494758083EE577E8F002A57F07996.e.11952}]
Capabilities {acceptInsecureCerts: false, browserName: MicrosoftEdge, browserVersion: 131.0.2903.51, fedcm:accounts: true, ms:edgeOptions: {debuggerAddress: localhost:57398}, msedge: {msedgedriverVersion: 131.0.2903.51 (e8c8535333b9..., userDataDir: C:\Users\YUVALK~1\AppData\L...}, networkConnectionEnabled: false, pageLoadStrategy: normal, platformName: windows, proxy: Proxy(), se:cdp: ws://localhost:57398/devtoo..., se:cdpVersion: 131.0.2903.51, setWindowRect: true, strictFileInteractability: false, timeouts: {implicit: 0, pageLoad: 300000, script: 30000}, unhandledPromptBehavior: dismiss and notify, webauthn:extension:credBlob: true, webauthn:extension:largeBlob: true, webauthn:extension:minPinLength: true, webauthn:extension:prf: true, webauthn:virtualAuthenticators: true}
Element: [[[[EdgeDriver: MicrosoftEdge on windows (21afea6b6244902c5483c26051ccef54)] -&gt; css selector: #input-country]] -&gt; xpath: .//option[normalize-space(.) = &quot;Israel&quot;]]
Session ID: 21afea6b6244902c5483c26051ccef54
	at org.openqa.selenium.remote.ErrorCodec.decode(ErrorCodec.java:167)
	at org.openqa.selenium.remote.codec.w3c.W3CHttpResponseCodec.decode(W3CHttpResponseCodec.java:138)
	at org.openqa.selenium.remote.codec.w3c.W3CHttpResponseCodec.decode(W3CHttpResponseCodec.java:50)
	at org.openqa.selenium.remote.HttpCommandExecutor.execute(HttpCommandExecutor.java:190)
	at org.openqa.selenium.remote.service.DriverCommandExecutor.invokeExecute(DriverCommandExecutor.java:216)
	at org.openqa.selenium.remote.service.DriverCommandExecutor.execute(DriverCommandExecutor.java:174)
	at org.openqa.selenium.remote.RemoteWebDriver.execute(RemoteWebDriver.java:545)
	at org.openqa.selenium.remote.RemoteWebElement.execute(RemoteWebElement.java:223)
	at org.openqa.selenium.remote.RemoteWebElement.click(RemoteWebElement.java:76)
	at org.openqa.selenium.support.ui.Select.setSelected(Select.java:315)
	at org.openqa.selenium.support.ui.Select.selectByVisibleText(Select.java:119)
	at tutorialNinjaPOM.pages.BasePage.selectChoiceByText(BasePage.java:61)
	at tutorialNinjaPOM.pages.CartPage.fillShippingValues(CartPage.java:222)
	at tutorialNinjaPOM.tests.CartPageTests.tc09_ShippingCheck(CartPageTests.java:82)
	at java.base/java.util.ArrayList.forEach(ArrayList.java:1597)
... Removed 28 stack frames</pre></div><a href='#' onClick='toggleBox("stack-trace2042532331", this, "Click to show all stack frames", "Click to hide stack frames")'>Click to show all stack frames</a>
<div class='stack-trace' id='stack-trace2042532331'><pre>org.openqa.selenium.JavascriptException: javascript error: {&quot;status&quot;:11,&quot;value&quot;:&quot;Element is not currently visible and may not be manipulated&quot;}
  (Session info: MicrosoftEdge=131.0.2903.51)
Build info: version: &apos;4.24.0&apos;, revision: &apos;748ffc9bc3&apos;
System info: os.name: &apos;Windows 11&apos;, os.arch: &apos;amd64&apos;, os.version: &apos;10.0&apos;, java.version: &apos;22.0.2&apos;
Driver info: org.openqa.selenium.edge.EdgeDriver
Command: [21afea6b6244902c5483c26051ccef54, clickElement {id=f.DD4729864CF2C65F8FB8F44FB1904019.d.3E8494758083EE577E8F002A57F07996.e.11952}]
Capabilities {acceptInsecureCerts: false, browserName: MicrosoftEdge, browserVersion: 131.0.2903.51, fedcm:accounts: true, ms:edgeOptions: {debuggerAddress: localhost:57398}, msedge: {msedgedriverVersion: 131.0.2903.51 (e8c8535333b9..., userDataDir: C:\Users\YUVALK~1\AppData\L...}, networkConnectionEnabled: false, pageLoadStrategy: normal, platformName: windows, proxy: Proxy(), se:cdp: ws://localhost:57398/devtoo..., se:cdpVersion: 131.0.2903.51, setWindowRect: true, strictFileInteractability: false, timeouts: {implicit: 0, pageLoad: 300000, script: 30000}, unhandledPromptBehavior: dismiss and notify, webauthn:extension:credBlob: true, webauthn:extension:largeBlob: true, webauthn:extension:minPinLength: true, webauthn:extension:prf: true, webauthn:virtualAuthenticators: true}
Element: [[[[EdgeDriver: MicrosoftEdge on windows (21afea6b6244902c5483c26051ccef54)] -&gt; css selector: #input-country]] -&gt; xpath: .//option[normalize-space(.) = &quot;Israel&quot;]]
Session ID: 21afea6b6244902c5483c26051ccef54
	at java.base/jdk.internal.reflect.DirectConstructorHandleAccessor.newInstance(DirectConstructorHandleAccessor.java:62)
	at java.base/java.lang.reflect.Constructor.newInstanceWithCaller(Constructor.java:502)
	at java.base/java.lang.reflect.Constructor.newInstance(Constructor.java:486)
	at org.openqa.selenium.remote.ErrorCodec.decode(ErrorCodec.java:167)
	at org.openqa.selenium.remote.codec.w3c.W3CHttpResponseCodec.decode(W3CHttpResponseCodec.java:138)
	at org.openqa.selenium.remote.codec.w3c.W3CHttpResponseCodec.decode(W3CHttpResponseCodec.java:50)
	at org.openqa.selenium.remote.HttpCommandExecutor.execute(HttpCommandExecutor.java:190)
	at org.openqa.selenium.remote.service.DriverCommandExecutor.invokeExecute(DriverCommandExecutor.java:216)
	at org.openqa.selenium.remote.service.DriverCommandExecutor.execute(DriverCommandExecutor.java:174)
	at org.openqa.selenium.remote.RemoteWebDriver.execute(RemoteWebDriver.java:545)
	at org.openqa.selenium.remote.RemoteWebElement.execute(RemoteWebElement.java:223)
	at org.openqa.selenium.remote.RemoteWebElement.click(RemoteWebElement.java:76)
	at org.openqa.selenium.support.ui.Select.setSelected(Select.java:315)
	at org.openqa.selenium.support.ui.Select.selectByVisibleText(Select.java:119)
	at tutorialNinjaPOM.pages.BasePage.selectChoiceByText(BasePage.java:61)
	at tutorialNinjaPOM.pages.CartPage.fillShippingValues(CartPage.java:222)
	at tutorialNinjaPOM.tests.CartPageTests.tc09_ShippingCheck(CartPageTests.java:82)
	at java.base/jdk.internal.reflect.DirectMethodHandleAccessor.invoke(DirectMethodHandleAccessor.java:103)
	at java.base/java.lang.reflect.Method.invoke(Method.java:580)
	at org.testng.internal.MethodInvocationHelper.invokeMethod(MethodInvocationHelper.java:132)
	at org.testng.internal.TestInvoker.invokeMethod(TestInvoker.java:599)
	at org.testng.internal.TestInvoker.invokeTestMethod(TestInvoker.java:174)
	at org.testng.internal.MethodRunner.runInSequence(MethodRunner.java:46)
	at org.testng.internal.TestInvoker$MethodInvocationAgent.invoke(TestInvoker.java:822)
	at org.testng.internal.TestInvoker.invokeTestMethods(TestInvoker.java:147)
	at org.testng.internal.TestMethodWorker.invokeTestMethods(TestMethodWorker.java:146)
	at org.testng.internal.TestMethodWorker.run(TestMethodWorker.java:128)
	at java.base/java.util.ArrayList.forEach(ArrayList.java:1597)
	at org.testng.TestRunner.privateRun(TestRunner.java:764)
	at org.testng.TestRunner.run(TestRunner.java:585)
	at org.testng.SuiteRunner.runTest(SuiteRunner.java:384)
	at org.testng.SuiteRunner.runSequentially(SuiteRunner.java:378)
	at org.testng.SuiteRunner.privateRun(SuiteRunner.java:337)
	at org.testng.SuiteRunner.run(SuiteRunner.java:286)
	at org.testng.SuiteRunnerWorker.runSuite(SuiteRunnerWorker.java:53)
	at org.testng.SuiteRunnerWorker.run(SuiteRunnerWorker.java:96)
	at org.testng.TestNG.runSuitesSequentially(TestNG.java:1218)
	at org.testng.TestNG.runSuitesLocally(TestNG.java:1140)
	at org.testng.TestNG.runSuites(TestNG.java:1069)
	at org.testng.TestNG.run(TestNG.java:1037)
	at org.testng.remote.AbstractRemoteTestNG.run(AbstractRemoteTestNG.java:115)
	at org.testng.remote.RemoteTestNG.initAndRun(RemoteTestNG.java:251)
	at org.testng.remote.RemoteTestNG.main(RemoteTestNG.java:77)
</pre></div></td>
<td>0</td>
<td>tutorialNinjaPOM.tests.CartPageTests@6cd28fa7</td></tr>
</table><p>
<table width='100%' border='1' class='invocation-passed'>
<tr><td colspan='4' align='center'><b>PASSED TESTS</b></td></tr>
<tr><td><b>Test method</b></td>
<td width="30%"><b>Exception</b></td>
<td width="10%"><b>Time (seconds)</b></td>
<td><b>Instance</b></td>
</tr>
<tr>
<td title='tutorialNinjaPOM.tests.AccountTests.tc01_CheckwishList()'><b>tc01_CheckwishList</b><br>Test class: tutorialNinjaPOM.tests.AccountTests</td>
<td></td>
<td>9</td>
<td>tutorialNinjaPOM.tests.AccountTests@66d3eec0</td></tr>
<tr>
<td title='tutorialNinjaPOM.tests.CartPageTests.tc01_ItemsEcho()'><b>tc01_ItemsEcho</b><br>Test class: tutorialNinjaPOM.tests.CartPageTests</td>
<td></td>
<td>0</td>
<td>tutorialNinjaPOM.tests.CartPageTests@6cd28fa7</td></tr>
<tr>
<td title='tutorialNinjaPOM.tests.RegisterLoginTests.tc01_UnloggedInasseablePages()'><b>tc01_UnloggedInasseablePages</b><br>Test class: tutorialNinjaPOM.tests.RegisterLoginTests<br>Parameters: https://tutorialsninja.com/demo/index.php?route=account/wishlist, https://tutorialsninja.com/demo/index.php?route=account/login</td>
<td></td>
<td>0</td>
<td>tutorialNinjaPOM.tests.RegisterLoginTests@1e04fa0a</td></tr>
<tr>
<td title='tutorialNinjaPOM.tests.CartBurgerTests.tc01_correctLinkCart()'><b>tc01_correctLinkCart</b><br>Test class: tutorialNinjaPOM.tests.CartBurgerTests</td>
<td></td>
<td>1</td>
<td>tutorialNinjaPOM.tests.CartBurgerTests@4738a206</td></tr>
<tr>
<td title='tutorialNinjaPOM.tests.URLTests.tc01_defaultRoutes()'><b>tc01_defaultRoutes</b><br>Test class: tutorialNinjaPOM.tests.URLTests</td>
<td></td>
<td>0</td>
<td>tutorialNinjaPOM.tests.URLTests@1af2d44a</td></tr>
<tr>
<td title='tutorialNinjaPOM.tests.SearchTests.tc01_emptySearch()'><b>tc01_emptySearch</b><br>Test class: tutorialNinjaPOM.tests.SearchTests</td>
<td></td>
<td>1</td>
<td>tutorialNinjaPOM.tests.SearchTests@614ca7df</td></tr>
<tr>
<td title='tutorialNinjaPOM.tests.RegisterLoginTests.tc02_InvaildLogin()'><b>tc02_InvaildLogin</b><br>Test class: tutorialNinjaPOM.tests.RegisterLoginTests<br>Parameters: , </td>
<td></td>
<td>1</td>
<td>tutorialNinjaPOM.tests.RegisterLoginTests@1e04fa0a</td></tr>
<tr>
<td title='tutorialNinjaPOM.tests.RegisterLoginTests.tc02_InvaildLogin()'><b>tc02_InvaildLogin</b><br>Test class: tutorialNinjaPOM.tests.RegisterLoginTests<br>Parameters: Supyovalk@gmail.com, 11111</td>
<td></td>
<td>1</td>
<td>tutorialNinjaPOM.tests.RegisterLoginTests@1e04fa0a</td></tr>
<tr>
<td title='tutorialNinjaPOM.tests.RegisterLoginTests.tc02_InvaildLogin()'><b>tc02_InvaildLogin</b><br>Test class: tutorialNinjaPOM.tests.RegisterLoginTests<br>Parameters: NonMatchingEmail@gmai.com, 1111</td>
<td></td>
<td>1</td>
<td>tutorialNinjaPOM.tests.RegisterLoginTests@1e04fa0a</td></tr>
<tr>
<td title='tutorialNinjaPOM.tests.RegisterLoginTests.tc02_InvaildLogin()'><b>tc02_InvaildLogin</b><br>Test class: tutorialNinjaPOM.tests.RegisterLoginTests<br>Parameters:  SupyovalkTest1@gmail.com , 1111</td>
<td></td>
<td>1</td>
<td>tutorialNinjaPOM.tests.RegisterLoginTests@1e04fa0a</td></tr>
<tr>
<td title='tutorialNinjaPOM.tests.CartPageTests.tc02_ItemsTotalPrice()'><b>tc02_ItemsTotalPrice</b><br>Test class: tutorialNinjaPOM.tests.CartPageTests</td>
<td></td>
<td>1</td>
<td>tutorialNinjaPOM.tests.CartPageTests@6cd28fa7</td></tr>
<tr>
<td title='tutorialNinjaPOM.tests.CartBurgerTests.tc02_correctLinkCheckout()'><b>tc02_correctLinkCheckout</b><br>Test class: tutorialNinjaPOM.tests.CartBurgerTests</td>
<td></td>
<td>2</td>
<td>tutorialNinjaPOM.tests.CartBurgerTests@4738a206</td></tr>
<tr>
<td title='tutorialNinjaPOM.tests.URLTests.tc02_invaildRoutes()'><b>tc02_invaildRoutes</b><br>Test class: tutorialNinjaPOM.tests.URLTests<br>Parameters: https://tutorialsninja.com/demo/index.php?route=account, The page you requested cannot be found!</td>
<td></td>
<td>1</td>
<td>tutorialNinjaPOM.tests.URLTests@1af2d44a</td></tr>
<tr>
<td title='tutorialNinjaPOM.tests.URLTests.tc02_invaildRoutes()'><b>tc02_invaildRoutes</b><br>Test class: tutorialNinjaPOM.tests.URLTests<br>Parameters: https://tutorialsninja.com/demo/index.php?route=product, The page you requested cannot be found!</td>
<td></td>
<td>1</td>
<td>tutorialNinjaPOM.tests.URLTests@1af2d44a</td></tr>
<tr>
<td title='tutorialNinjaPOM.tests.URLTests.tc02_invaildRoutes()'><b>tc02_invaildRoutes</b><br>Test class: tutorialNinjaPOM.tests.URLTests<br>Parameters: https://tutorialsninja.com/demo/index.php?route=account/invaild, The page you requested cannot be found!</td>
<td></td>
<td>1</td>
<td>tutorialNinjaPOM.tests.URLTests@1af2d44a</td></tr>
<tr>
<td title='tutorialNinjaPOM.tests.URLTests.tc02_invaildRoutes()'><b>tc02_invaildRoutes</b><br>Test class: tutorialNinjaPOM.tests.URLTests<br>Parameters: https://tutorialsninja.com/demo/index.php?route=product/invaild, The page you requested cannot be found!</td>
<td></td>
<td>1</td>
<td>tutorialNinjaPOM.tests.URLTests@1af2d44a</td></tr>
<tr>
<td title='tutorialNinjaPOM.tests.SearchTests.tc02_subCategoryButtonDisableEnable()'><b>tc02_subCategoryButtonDisableEnable</b><br>Test class: tutorialNinjaPOM.tests.SearchTests</td>
<td></td>
<td>1</td>
<td>tutorialNinjaPOM.tests.SearchTests@614ca7df</td></tr>
<tr>
<td title='tutorialNinjaPOM.tests.RegisterLoginTests.tc03_InvaildRegister()'><b>tc03_InvaildRegister</b><br>Test class: tutorialNinjaPOM.tests.RegisterLoginTests<br>Parameters: Test, ShortPassword, Supyovalktestb@gmail.com, 0555555555, a, a, true, true, Password must be between 4 and 20 characters!</td>
<td></td>
<td>3</td>
<td>tutorialNinjaPOM.tests.RegisterLoginTests@1e04fa0a</td></tr>
<tr>
<td title='tutorialNinjaPOM.tests.RegisterLoginTests.tc03_InvaildRegister()'><b>tc03_InvaildRegister</b><br>Test class: tutorialNinjaPOM.tests.RegisterLoginTests<br>Parameters: Test, UnmatchingConfirmpasswordLength, Supyovalktestb@gmail.com, 0555555555, 123456, 12345, true, true, Password confirmation does not match password!</td>
<td></td>
<td>2</td>
<td>tutorialNinjaPOM.tests.RegisterLoginTests@1e04fa0a</td></tr>
<tr>
<td title='tutorialNinjaPOM.tests.RegisterLoginTests.tc03_InvaildRegister()'><b>tc03_InvaildRegister</b><br>Test class: tutorialNinjaPOM.tests.RegisterLoginTests<br>Parameters: Test, UnmatchingConfirmpasswordContent, Supyovalktestb@gmail.com, 0555555555, 12345, 12346, true, true, Password confirmation does not match password!</td>
<td></td>
<td>3</td>
<td>tutorialNinjaPOM.tests.RegisterLoginTests@1e04fa0a</td></tr>
<tr>
<td title='tutorialNinjaPOM.tests.RegisterLoginTests.tc03_InvaildRegister()'><b>tc03_InvaildRegister</b><br>Test class: tutorialNinjaPOM.tests.RegisterLoginTests<br>Parameters: Test, NoPoliacy, Supyovalktestb@gmail.com, 0555555555, 123456, 12346, true, false, Warning: You must agree to the Privacy Policy!</td>
<td></td>
<td>3</td>
<td>tutorialNinjaPOM.tests.RegisterLoginTests@1e04fa0a</td></tr>
<tr>
<td title='tutorialNinjaPOM.tests.RegisterLoginTests.tc03_InvaildRegister()'><b>tc03_InvaildRegister</b><br>Test class: tutorialNinjaPOM.tests.RegisterLoginTests<br>Parameters: Test, EmailPreregister, SupyovalkTest1@gmail.com, 0555555555, 123456, 12346, true, true, Warning: E-Mail Address is already registered!</td>
<td></td>
<td>2</td>
<td>tutorialNinjaPOM.tests.RegisterLoginTests@1e04fa0a</td></tr>
<tr>
<td title='tutorialNinjaPOM.tests.CartPageTests.tc03_ItemsModifyCount()'><b>tc03_ItemsModifyCount</b><br>Test class: tutorialNinjaPOM.tests.CartPageTests</td>
<td></td>
<td>4</td>
<td>tutorialNinjaPOM.tests.CartPageTests@6cd28fa7</td></tr>
<tr>
<td title='tutorialNinjaPOM.tests.URLTests.tc03_SearchEmpty()'><b>tc03_SearchEmpty</b><br>Test class: tutorialNinjaPOM.tests.URLTests</td>
<td></td>
<td>0</td>
<td>tutorialNinjaPOM.tests.URLTests@1af2d44a</td></tr>
<tr>
<td title='tutorialNinjaPOM.tests.SearchTests.tc03_SearchFilterNonDesc()'><b>tc03_SearchFilterNonDesc</b><br>Test class: tutorialNinjaPOM.tests.SearchTests<br>Parameters: a</td>
<td></td>
<td>2</td>
<td>tutorialNinjaPOM.tests.SearchTests@614ca7df</td></tr>
<tr>
<td title='tutorialNinjaPOM.tests.SearchTests.tc03_SearchFilterNonDesc()'><b>tc03_SearchFilterNonDesc</b><br>Test class: tutorialNinjaPOM.tests.SearchTests<br>Parameters: A</td>
<td></td>
<td>1</td>
<td>tutorialNinjaPOM.tests.SearchTests@614ca7df</td></tr>
<tr>
<td title='tutorialNinjaPOM.tests.SearchTests.tc03_SearchFilterNonDesc()'><b>tc03_SearchFilterNonDesc</b><br>Test class: tutorialNinjaPOM.tests.SearchTests<br>Parameters: Mac </td>
<td></td>
<td>1</td>
<td>tutorialNinjaPOM.tests.SearchTests@614ca7df</td></tr>
<tr>
<td title='tutorialNinjaPOM.tests.SearchTests.tc03_SearchFilterNonDesc()'><b>tc03_SearchFilterNonDesc</b><br>Test class: tutorialNinjaPOM.tests.SearchTests<br>Parameters:  MaC</td>
<td></td>
<td>1</td>
<td>tutorialNinjaPOM.tests.SearchTests@614ca7df</td></tr>
<tr>
<td title='tutorialNinjaPOM.tests.CartBurgerTests.tc03_removeLastItem()'><b>tc03_removeLastItem</b><br>Test class: tutorialNinjaPOM.tests.CartBurgerTests</td>
<td></td>
<td>0</td>
<td>tutorialNinjaPOM.tests.CartBurgerTests@4738a206</td></tr>
<tr>
<td title='tutorialNinjaPOM.tests.CartBurgerTests.tc04_BurgerAddSimpleEchoCheck()'><b>tc04_BurgerAddSimpleEchoCheck</b><br>Test class: tutorialNinjaPOM.tests.CartBurgerTests</td>
<td></td>
<td>10</td>
<td>tutorialNinjaPOM.tests.CartBurgerTests@4738a206</td></tr>
<tr>
<td title='tutorialNinjaPOM.tests.CartPageTests.tc04_ItemsCheckTotalSumShipless()'><b>tc04_ItemsCheckTotalSumShipless</b><br>Test class: tutorialNinjaPOM.tests.CartPageTests</td>
<td></td>
<td>0</td>
<td>tutorialNinjaPOM.tests.CartPageTests@6cd28fa7</td></tr>
<tr>
<td title='tutorialNinjaPOM.tests.RegisterLoginTests.tc04_VaildLogin()'><b>tc04_VaildLogin</b><br>Test class: tutorialNinjaPOM.tests.RegisterLoginTests<br>Parameters: SupyovalkTest1@gmail.com, 1111</td>
<td></td>
<td>1</td>
<td>tutorialNinjaPOM.tests.RegisterLoginTests@1e04fa0a</td></tr>
<tr>
<td title='tutorialNinjaPOM.tests.CartPageTests.tc05_ItemsModifyCount()'><b>tc05_ItemsModifyCount</b><br>Test class: tutorialNinjaPOM.tests.CartPageTests</td>
<td></td>
<td>4</td>
<td>tutorialNinjaPOM.tests.CartPageTests@6cd28fa7</td></tr>
<tr>
<td title='tutorialNinjaPOM.tests.RegisterLoginTests.tc05_LoginURLRedirectedWhenLoggedState()'><b>tc05_LoginURLRedirectedWhenLoggedState</b><br>Test class: tutorialNinjaPOM.tests.RegisterLoginTests</td>
<td></td>
<td>0</td>
<td>tutorialNinjaPOM.tests.RegisterLoginTests@1e04fa0a</td></tr>
<tr>
<td title='tutorialNinjaPOM.tests.RegisterLoginTests.tc06_AddItemUnlogged()'><b>tc06_AddItemUnlogged</b><br>Test class: tutorialNinjaPOM.tests.RegisterLoginTests</td>
<td></td>
<td>3</td>
<td>tutorialNinjaPOM.tests.RegisterLoginTests@1e04fa0a</td></tr>
<tr>
<td title='tutorialNinjaPOM.tests.CartPageTests.tc06_VoucherInvaild()'><b>tc06_VoucherInvaild</b><br>Test class: tutorialNinjaPOM.tests.CartPageTests</td>
<td></td>
<td>3</td>
<td>tutorialNinjaPOM.tests.CartPageTests@6cd28fa7</td></tr>
<tr>
<td title='tutorialNinjaPOM.tests.CartPageTests.tc07_CouponInvaild()'><b>tc07_CouponInvaild</b><br>Test class: tutorialNinjaPOM.tests.CartPageTests</td>
<td></td>
<td>2</td>
<td>tutorialNinjaPOM.tests.CartPageTests@6cd28fa7</td></tr>
<tr>
<td title='tutorialNinjaPOM.tests.RegisterLoginTests.tc07_VaildRegister()'><b>tc07_VaildRegister</b><br>Test class: tutorialNinjaPOM.tests.RegisterLoginTests</td>
<td></td>
<td>4</td>
<td>tutorialNinjaPOM.tests.RegisterLoginTests@1e04fa0a</td></tr>
<tr>
<td title='tutorialNinjaPOM.tests.CartPageTests.tc99_ContiuneShopping()'><b>tc99_ContiuneShopping</b><br>Test class: tutorialNinjaPOM.tests.CartPageTests</td>
<td></td>
<td>1</td>
<td>tutorialNinjaPOM.tests.CartPageTests@6cd28fa7</td></tr>
</table><p>
</body>
</html>