<?xml version="1.0" encoding="UTF-8"?>
<!-- Generated by org.testng.reporters.JUnitXMLReporter -->
<testsuite ignored="0" hostname="DESKTOP-PDU1TCK" failures="2" tests="41" name="Test" time="195.851" errors="0" timestamp="2024-11-21T17:52:13 IST">
  <testcase classname="tutorialNinjaPOM.tests.CartPageTests" name="tc01_ItemsEcho" time="0.569"/>
  <testcase classname="tutorialNinjaPOM.tests.CartPageTests" name="tc02_ItemsTotalPrice" time="1.649"/>
  <testcase classname="tutorialNinjaPOM.tests.CartPageTests" name="tc03_ItemsModifyCount" time="4.679"/>
  <testcase classname="tutorialNinjaPOM.tests.CartPageTests" name="tc04_ItemsCheckTotalSumShipless" time="0.208"/>
  <testcase classname="tutorialNinjaPOM.tests.CartPageTests" name="tc05_ItemsModifyCount" time="4.395"/>
  <testcase classname="tutorialNinjaPOM.tests.CartPageTests" name="tc06_VoucherInvaild" time="3.803"/>
  <testcase classname="tutorialNinjaPOM.tests.CartPageTests" name="tc07_CouponInvaild" time="2.846"/>
  <testcase classname="tutorialNinjaPOM.tests.CartPageTests" name="tc08_ShippingMethodUnchecked" time="1.308">
    <failure type="org.openqa.selenium.ElementClickInterceptedException" message="element click intercepted: Element &amp;lt;a href=&amp;quot;#collapse-shipping&amp;quot; class=&amp;quot;accordion-toggle collapsed&amp;quot; data-toggle=&amp;quot;collapse&amp;quot; data-parent=&amp;quot;#accordion&amp;quot; aria-expanded=&amp;quot;false&amp;quot; style=&amp;quot;&amp;quot;&amp;gt;...&amp;lt;/a&amp;gt; is not clickable at point (307, 625). Other element would receive the click: &amp;lt;h2&amp;gt;...&amp;lt;/h2&amp;gt;
  (Session info: MicrosoftEdge=131.0.2903.51)
Build info: version: &amp;apos;4.24.0&amp;apos;, revision: &amp;apos;748ffc9bc3&amp;apos;
System info: os.name: &amp;apos;Windows 11&amp;apos;, os.arch: &amp;apos;amd64&amp;apos;, os.version: &amp;apos;10.0&amp;apos;, java.version: &amp;apos;22.0.2&amp;apos;
Driver info: org.openqa.selenium.edge.EdgeDriver
Command: [21afea6b6244902c5483c26051ccef54, clickElement {id=f.DD4729864CF2C65F8FB8F44FB1904019.d.3E8494758083EE577E8F002A57F07996.e.11829}]
Capabilities {acceptInsecureCerts: false, browserName: MicrosoftEdge, browserVersion: 131.0.2903.51, fedcm:accounts: true, ms:edgeOptions: {debuggerAddress: localhost:57398}, msedge: {msedgedriverVersion: 131.0.2903.51 (e8c8535333b9..., userDataDir: C:\Users\YUVALK~1\AppData\L...}, networkConnectionEnabled: false, pageLoadStrategy: normal, platformName: windows, proxy: Proxy(), se:cdp: ws://localhost:57398/devtoo..., se:cdpVersion: 131.0.2903.51, setWindowRect: true, strictFileInteractability: false, timeouts: {implicit: 0, pageLoad: 300000, script: 30000}, unhandledPromptBehavior: dismiss and notify, webauthn:extension:credBlob: true, webauthn:extension:largeBlob: true, webauthn:extension:minPinLength: true, webauthn:extension:prf: true, webauthn:virtualAuthenticators: true}
Element: [[[[EdgeDriver: MicrosoftEdge on windows (21afea6b6244902c5483c26051ccef54)] -&amp;gt; css selector: #accordion]] -&amp;gt; css selector: h4.panel-title&amp;gt;a]
Session ID: 21afea6b6244902c5483c26051ccef54">
      <![CDATA[org.openqa.selenium.ElementClickInterceptedException: element click intercepted: Element <a href="#collapse-shipping" class="accordion-toggle collapsed" data-toggle="collapse" data-parent="#accordion" aria-expanded="false" style="">...</a> is not clickable at point (307, 625). Other element would receive the click: <h2>...</h2>
  (Session info: MicrosoftEdge=131.0.2903.51)
Build info: version: '4.24.0', revision: '748ffc9bc3'
System info: os.name: 'Windows 11', os.arch: 'amd64', os.version: '10.0', java.version: '22.0.2'
Driver info: org.openqa.selenium.edge.EdgeDriver
Command: [21afea6b6244902c5483c26051ccef54, clickElement {id=f.DD4729864CF2C65F8FB8F44FB1904019.d.3E8494758083EE577E8F002A57F07996.e.11829}]
Capabilities {acceptInsecureCerts: false, browserName: MicrosoftEdge, browserVersion: 131.0.2903.51, fedcm:accounts: true, ms:edgeOptions: {debuggerAddress: localhost:57398}, msedge: {msedgedriverVersion: 131.0.2903.51 (e8c8535333b9..., userDataDir: C:\Users\YUVALK~1\AppData\L...}, networkConnectionEnabled: false, pageLoadStrategy: normal, platformName: windows, proxy: Proxy(), se:cdp: ws://localhost:57398/devtoo..., se:cdpVersion: 131.0.2903.51, setWindowRect: true, strictFileInteractability: false, timeouts: {implicit: 0, pageLoad: 300000, script: 30000}, unhandledPromptBehavior: dismiss and notify, webauthn:extension:credBlob: true, webauthn:extension:largeBlob: true, webauthn:extension:minPinLength: true, webauthn:extension:prf: true, webauthn:virtualAuthenticators: true}
Element: [[[[EdgeDriver: MicrosoftEdge on windows (21afea6b6244902c5483c26051ccef54)] -> css selector: #accordion]] -> css selector: h4.panel-title>a]
Session ID: 21afea6b6244902c5483c26051ccef54
at org.openqa.selenium.remote.ErrorCodec.decode(ErrorCodec.java:167)
at org.openqa.selenium.remote.codec.w3c.W3CHttpResponseCodec.decode(W3CHttpResponseCodec.java:138)
at org.openqa.selenium.remote.codec.w3c.W3CHttpResponseCodec.decode(W3CHttpResponseCodec.java:50)
at org.openqa.selenium.remote.HttpCommandExecutor.execute(HttpCommandExecutor.java:190)
at org.openqa.selenium.remote.service.DriverCommandExecutor.invokeExecute(DriverCommandExecutor.java:216)
at org.openqa.selenium.remote.service.DriverCommandExecutor.execute(DriverCommandExecutor.java:174)
at org.openqa.selenium.remote.RemoteWebDriver.execute(RemoteWebDriver.java:545)
at org.openqa.selenium.remote.RemoteWebElement.execute(RemoteWebElement.java:223)
at org.openqa.selenium.remote.RemoteWebElement.click(RemoteWebElement.java:76)
at tutorialNinjaPOM.pages.BasePage.click(BasePage.java:75)
at tutorialNinjaPOM.pages.BasePage.click(BasePage.java:69)
at tutorialNinjaPOM.pages.CartPage.pressCollapseHeadings(CartPage.java:193)
at tutorialNinjaPOM.pages.CartPage.pressCollapseShipping(CartPage.java:187)
at tutorialNinjaPOM.pages.CartPage.fillShippingValues(CartPage.java:221)
at tutorialNinjaPOM.pages.CartPage.fillShippingValues(CartPage.java:218)
at tutorialNinjaPOM.tests.CartPageTests.tc08_ShippingMethodUnchecked(CartPageTests.java:76)
at java.base/java.util.ArrayList.forEach(ArrayList.java:1597)
... Removed 28 stack frames]]>
    </failure>
  </testcase> <!-- tc08_ShippingMethodUnchecked -->
  <testcase classname="tutorialNinjaPOM.tests.CartPageTests" name="tc09_ShippingCheck" time="0.162">
    <failure type="org.openqa.selenium.JavascriptException" message="javascript error: {&amp;quot;status&amp;quot;:11,&amp;quot;value&amp;quot;:&amp;quot;Element is not currently visible and may not be manipulated&amp;quot;}
  (Session info: MicrosoftEdge=131.0.2903.51)
Build info: version: &amp;apos;4.24.0&amp;apos;, revision: &amp;apos;748ffc9bc3&amp;apos;
System info: os.name: &amp;apos;Windows 11&amp;apos;, os.arch: &amp;apos;amd64&amp;apos;, os.version: &amp;apos;10.0&amp;apos;, java.version: &amp;apos;22.0.2&amp;apos;
Driver info: org.openqa.selenium.edge.EdgeDriver
Command: [21afea6b6244902c5483c26051ccef54, clickElement {id=f.DD4729864CF2C65F8FB8F44FB1904019.d.3E8494758083EE577E8F002A57F07996.e.11952}]
Capabilities {acceptInsecureCerts: false, browserName: MicrosoftEdge, browserVersion: 131.0.2903.51, fedcm:accounts: true, ms:edgeOptions: {debuggerAddress: localhost:57398}, msedge: {msedgedriverVersion: 131.0.2903.51 (e8c8535333b9..., userDataDir: C:\Users\YUVALK~1\AppData\L...}, networkConnectionEnabled: false, pageLoadStrategy: normal, platformName: windows, proxy: Proxy(), se:cdp: ws://localhost:57398/devtoo..., se:cdpVersion: 131.0.2903.51, setWindowRect: true, strictFileInteractability: false, timeouts: {implicit: 0, pageLoad: 300000, script: 30000}, unhandledPromptBehavior: dismiss and notify, webauthn:extension:credBlob: true, webauthn:extension:largeBlob: true, webauthn:extension:minPinLength: true, webauthn:extension:prf: true, webauthn:virtualAuthenticators: true}
Element: [[[[EdgeDriver: MicrosoftEdge on windows (21afea6b6244902c5483c26051ccef54)] -&amp;gt; css selector: #input-country]] -&amp;gt; xpath: .//option[normalize-space(.) = &amp;quot;Israel&amp;quot;]]
Session ID: 21afea6b6244902c5483c26051ccef54">
      <![CDATA[org.openqa.selenium.JavascriptException: javascript error: {"status":11,"value":"Element is not currently visible and may not be manipulated"}
  (Session info: MicrosoftEdge=131.0.2903.51)
Build info: version: '4.24.0', revision: '748ffc9bc3'
System info: os.name: 'Windows 11', os.arch: 'amd64', os.version: '10.0', java.version: '22.0.2'
Driver info: org.openqa.selenium.edge.EdgeDriver
Command: [21afea6b6244902c5483c26051ccef54, clickElement {id=f.DD4729864CF2C65F8FB8F44FB1904019.d.3E8494758083EE577E8F002A57F07996.e.11952}]
Capabilities {acceptInsecureCerts: false, browserName: MicrosoftEdge, browserVersion: 131.0.2903.51, fedcm:accounts: true, ms:edgeOptions: {debuggerAddress: localhost:57398}, msedge: {msedgedriverVersion: 131.0.2903.51 (e8c8535333b9..., userDataDir: C:\Users\YUVALK~1\AppData\L...}, networkConnectionEnabled: false, pageLoadStrategy: normal, platformName: windows, proxy: Proxy(), se:cdp: ws://localhost:57398/devtoo..., se:cdpVersion: 131.0.2903.51, setWindowRect: true, strictFileInteractability: false, timeouts: {implicit: 0, pageLoad: 300000, script: 30000}, unhandledPromptBehavior: dismiss and notify, webauthn:extension:credBlob: true, webauthn:extension:largeBlob: true, webauthn:extension:minPinLength: true, webauthn:extension:prf: true, webauthn:virtualAuthenticators: true}
Element: [[[[EdgeDriver: MicrosoftEdge on windows (21afea6b6244902c5483c26051ccef54)] -> css selector: #input-country]] -> xpath: .//option[normalize-space(.) = "Israel"]]
Session ID: 21afea6b6244902c5483c26051ccef54
at org.openqa.selenium.remote.ErrorCodec.decode(ErrorCodec.java:167)
at org.openqa.selenium.remote.codec.w3c.W3CHttpResponseCodec.decode(W3CHttpResponseCodec.java:138)
at org.openqa.selenium.remote.codec.w3c.W3CHttpResponseCodec.decode(W3CHttpResponseCodec.java:50)
at org.openqa.selenium.remote.HttpCommandExecutor.execute(HttpCommandExecutor.java:190)
at org.openqa.selenium.remote.service.DriverCommandExecutor.invokeExecute(DriverCommandExecutor.java:216)
at org.openqa.selenium.remote.service.DriverCommandExecutor.execute(DriverCommandExecutor.java:174)
at org.openqa.selenium.remote.RemoteWebDriver.execute(RemoteWebDriver.java:545)
at org.openqa.selenium.remote.RemoteWebElement.execute(RemoteWebElement.java:223)
at org.openqa.selenium.remote.RemoteWebElement.click(RemoteWebElement.java:76)
at org.openqa.selenium.support.ui.Select.setSelected(Select.java:315)
at org.openqa.selenium.support.ui.Select.selectByVisibleText(Select.java:119)
at tutorialNinjaPOM.pages.BasePage.selectChoiceByText(BasePage.java:61)
at tutorialNinjaPOM.pages.CartPage.fillShippingValues(CartPage.java:222)
at tutorialNinjaPOM.tests.CartPageTests.tc09_ShippingCheck(CartPageTests.java:82)
at java.base/java.util.ArrayList.forEach(ArrayList.java:1597)
... Removed 28 stack frames]]>
    </failure>
  </testcase> <!-- tc09_ShippingCheck -->
  <testcase classname="tutorialNinjaPOM.tests.CartPageTests" name="tc99_ContiuneShopping" time="1.307"/>
  <testcase classname="tutorialNinjaPOM.tests.SearchTests" name="tc01_emptySearch" time="1.182"/>
  <testcase classname="tutorialNinjaPOM.tests.SearchTests" name="tc02_subCategoryButtonDisableEnable" time="1.681"/>
  <testcase classname="tutorialNinjaPOM.tests.SearchTests" name="tc03_SearchFilterNonDesc" time="2.654"/>
  <testcase classname="tutorialNinjaPOM.tests.SearchTests" name="tc03_SearchFilterNonDesc" time="1.236"/>
  <testcase classname="tutorialNinjaPOM.tests.SearchTests" name="tc03_SearchFilterNonDesc" time="1.661"/>
  <testcase classname="tutorialNinjaPOM.tests.SearchTests" name="tc03_SearchFilterNonDesc" time="1.09"/>
  <testcase classname="tutorialNinjaPOM.tests.CartBurgerTests" name="tc01_correctLinkCart" time="1.753"/>
  <testcase classname="tutorialNinjaPOM.tests.CartBurgerTests" name="tc02_correctLinkCheckout" time="2.225"/>
  <testcase classname="tutorialNinjaPOM.tests.CartBurgerTests" name="tc03_removeLastItem" time="0.486"/>
  <testcase classname="tutorialNinjaPOM.tests.CartBurgerTests" name="tc04_BurgerAddSimpleEchoCheck" time="10.188"/>
  <testcase classname="tutorialNinjaPOM.tests.AccountTests" name="tc01_CheckwishList" time="9.615"/>
  <testcase classname="tutorialNinjaPOM.tests.RegisterLoginTests" name="tc01_UnloggedInasseablePages" time="0.807"/>
  <testcase classname="tutorialNinjaPOM.tests.RegisterLoginTests" name="tc02_InvaildLogin" time="1.645"/>
  <testcase classname="tutorialNinjaPOM.tests.RegisterLoginTests" name="tc02_InvaildLogin" time="1.483"/>
  <testcase classname="tutorialNinjaPOM.tests.RegisterLoginTests" name="tc02_InvaildLogin" time="1.574"/>
  <testcase classname="tutorialNinjaPOM.tests.RegisterLoginTests" name="tc02_InvaildLogin" time="1.558"/>
  <testcase classname="tutorialNinjaPOM.tests.RegisterLoginTests" name="tc03_InvaildRegister" time="3.555"/>
  <testcase classname="tutorialNinjaPOM.tests.RegisterLoginTests" name="tc03_InvaildRegister" time="2.869"/>
  <testcase classname="tutorialNinjaPOM.tests.RegisterLoginTests" name="tc03_InvaildRegister" time="3.063"/>
  <testcase classname="tutorialNinjaPOM.tests.RegisterLoginTests" name="tc03_InvaildRegister" time="3.609"/>
  <testcase classname="tutorialNinjaPOM.tests.RegisterLoginTests" name="tc03_InvaildRegister" time="2.946"/>
  <testcase classname="tutorialNinjaPOM.tests.RegisterLoginTests" name="tc04_VaildLogin" time="1.957"/>
  <testcase classname="tutorialNinjaPOM.tests.RegisterLoginTests" name="tc05_LoginURLRedirectedWhenLoggedState" time="0.782"/>
  <testcase classname="tutorialNinjaPOM.tests.RegisterLoginTests" name="tc06_AddItemUnlogged" time="3.397"/>
  <testcase classname="tutorialNinjaPOM.tests.RegisterLoginTests" name="tc07_VaildRegister" time="4.857"/>
  <testcase classname="tutorialNinjaPOM.tests.URLTests" name="tc01_defaultRoutes" time="0.512"/>
  <testcase classname="tutorialNinjaPOM.tests.URLTests" name="tc02_invaildRoutes" time="1.26"/>
  <testcase classname="tutorialNinjaPOM.tests.URLTests" name="tc02_invaildRoutes" time="1.191"/>
  <testcase classname="tutorialNinjaPOM.tests.URLTests" name="tc02_invaildRoutes" time="1.155"/>
  <testcase classname="tutorialNinjaPOM.tests.URLTests" name="tc02_invaildRoutes" time="1.183"/>
  <testcase classname="tutorialNinjaPOM.tests.URLTests" name="tc03_SearchEmpty" time="0.502"/>
</testsuite> <!-- Test -->
